<?xml version="1.0" encoding="UTF-8"?>
<!-- Generated by org.testng.reporters.JUnitReportReporter -->
<testsuite hostname="Lenovo-PC" failures="0" tests="1" name="com.mangesh.Testcases.POMtest" time="4.732" errors="0" timestamp="11 Sep 2018 11:37:08 GMT">
  <testcase classname="com.mangesh.Testcases.POMtest" name="verifyHomePageTitle" time="4.732"/>
</testsuite> <!-- com.mangesh.Testcases.POMtest -->
